<?xml version="1.0" encoding="UTF-8"?>
<testng-results ignored="0" total="3" passed="3" failed="0" skipped="0">
  <reporter-output>
  </reporter-output>
  <suite started-at="2022-11-21T20:09:40 ART" name="Default suite" finished-at="2022-11-21T20:09:45 ART" duration-ms="5016">
    <groups>
    </groups>
    <test started-at="2022-11-21T20:09:40 ART" name="Default test" finished-at="2022-11-21T20:09:45 ART" duration-ms="5016">
      <class name="Moodle">
        <test-method is-config="true" signature="launchBrowser()[pri:0, instance:Moodle@702b8b12]" started-at="2022-11-21T20:09:40 ART" name="launchBrowser" finished-at="2022-11-21T20:09:41 ART" duration-ms="896" status="PASS">
          <reporter-output>
          </reporter-output>
        </test-method> <!-- launchBrowser -->
        <test-method signature="loadPage()[pri:1, instance:Moodle@702b8b12]" started-at="2022-11-21T20:09:41 ART" name="loadPage" finished-at="2022-11-21T20:09:44 ART" duration-ms="2960" status="PASS">
          <reporter-output>
          </reporter-output>
        </test-method> <!-- loadPage -->
        <test-method signature="login()[pri:2, instance:Moodle@702b8b12]" started-at="2022-11-21T20:09:44 ART" name="login" finished-at="2022-11-21T20:09:45 ART" duration-ms="1010" status="PASS">
          <reporter-output>
          </reporter-output>
        </test-method> <!-- login -->
        <test-method signature="finishTest()[pri:4, instance:Moodle@702b8b12]" started-at="2022-11-21T20:09:45 ART" name="finishTest" finished-at="2022-11-21T20:09:45 ART" duration-ms="113" status="PASS">
          <reporter-output>
          </reporter-output>
        </test-method> <!-- finishTest -->
      </class> <!-- Moodle -->
    </test> <!-- Default test -->
  </suite> <!-- Default suite -->
</testng-results>
